[debug] [2020-11-29T20:59:13.750Z] ----------------------------------------------------------------------
[debug] [2020-11-29T20:59:13.752Z] Command:       /usr/local/bin/node /Users/wongprom/npm-global/bin/firebase emulators:start
[debug] [2020-11-29T20:59:13.753Z] CLI Version:   8.16.2
[debug] [2020-11-29T20:59:13.753Z] Platform:      darwin
[debug] [2020-11-29T20:59:13.753Z] Node Version:  v14.15.1
[debug] [2020-11-29T20:59:13.754Z] Time:          Sun Nov 29 2020 21:59:13 GMT+0100 (centraleuropeisk normaltid)
[debug] [2020-11-29T20:59:13.754Z] ----------------------------------------------------------------------
[debug] [2020-11-29T20:59:13.754Z] 
[debug] [2020-11-29T20:59:13.763Z] > command requires scopes: ["email","openid","https://www.googleapis.com/auth/cloudplatformprojects.readonly","https://www.googleapis.com/auth/firebase","https://www.googleapis.com/auth/cloud-platform"]
[debug] [2020-11-29T20:59:13.763Z] > authorizing via signed-in user
[info] i  emulators: Starting emulators: functions, hosting {"metadata":{"emulator":{"name":"hub"},"message":"Starting emulators: functions, hosting"}}
[debug] [2020-11-29T20:59:13.790Z] [hub] writing locator at /var/folders/jf/88pgr3wn1458gcxs55sm5ssm0000gn/T/hub-clone-f609f.json
[warn] ⚠  functions: The following emulators are not running, calls to these services from the Functions emulator will affect production: auth, firestore, database, pubsub {"metadata":{"emulator":{"name":"functions"},"message":"The following emulators are not running, calls to these services from the Functions emulator will affect production: \u001b[1mauth, firestore, database, pubsub\u001b[22m"}}
[warn] ⚠  Your requested "node" version "12" doesn't match your global version "14" {"metadata":{"emulator":{"name":"functions"},"message":"Your requested \"node\" version \"12\" doesn't match your global version \"14\""}}
[debug] [2020-11-29T20:59:13.822Z] defaultcredentials: writing to file /Users/wongprom/.config/firebase/jimwongback81_gmail_com_application_default_credentials.json
[debug] [2020-11-29T20:59:13.826Z] Setting GAC to /Users/wongprom/.config/firebase/jimwongback81_gmail_com_application_default_credentials.json {"metadata":{"emulator":{"name":"functions"},"message":"Setting GAC to /Users/wongprom/.config/firebase/jimwongback81_gmail_com_application_default_credentials.json"}}
[debug] [2020-11-29T20:59:13.836Z] >>> HTTP REQUEST GET https://firebase.googleapis.com/v1beta1/projects/clone-f609f/webApps/-/config  
 
[debug] [2020-11-29T20:59:15.517Z] <<< HTTP RESPONSE 200 {"content-type":"application/json; charset=UTF-8","vary":"X-Origin, Referer, Origin,Accept-Encoding","date":"Sun, 29 Nov 2020 20:59:14 GMT","server":"ESF","cache-control":"private","x-xss-protection":"0","x-frame-options":"SAMEORIGIN","x-content-type-options":"nosniff","alt-svc":"h3-29=\":443\"; ma=2592000,h3-T051=\":443\"; ma=2592000,h3-Q050=\":443\"; ma=2592000,h3-Q046=\":443\"; ma=2592000,h3-Q043=\":443\"; ma=2592000,quic=\":443\"; ma=2592000; v=\"46,43\"","accept-ranges":"none","transfer-encoding":"chunked"}
[info] i  hosting: Serving hosting files from: build {"metadata":{"emulator":{"name":"hosting"},"message":"Serving hosting files from: \u001b[1mbuild\u001b[22m"}}
[info] ✔  hosting: Local server: http://localhost:5000 {"metadata":{"emulator":{"name":"hosting"},"message":"Local server: \u001b[4m\u001b[1mhttp://localhost:5000\u001b[22m\u001b[24m"}}
[debug] [2020-11-29T20:59:15.813Z] Ignoring unsupported arg: auto_download {"metadata":{"emulator":{"name":"ui"},"message":"Ignoring unsupported arg: auto_download"}}
[debug] [2020-11-29T20:59:15.813Z] Ignoring unsupported arg: port {"metadata":{"emulator":{"name":"ui"},"message":"Ignoring unsupported arg: port"}}
[debug] [2020-11-29T20:59:15.814Z] Starting Emulator UI with command {"binary":"node","args":["/Users/wongprom/.cache/firebase/emulators/ui-v1.2.2/server.bundle.js"],"optionalArgs":[],"joinArgs":false} {"metadata":{"emulator":{"name":"ui"},"message":"Starting Emulator UI with command {\"binary\":\"node\",\"args\":[\"/Users/wongprom/.cache/firebase/emulators/ui-v1.2.2/server.bundle.js\"],\"optionalArgs\":[],\"joinArgs\":false}"}}
[info] i  ui: Emulator UI logging to ui-debug.log {"metadata":{"emulator":{"name":"ui"},"message":"Emulator UI logging to \u001b[1mui-debug.log\u001b[22m"}}
[debug] [2020-11-29T20:59:15.911Z] Web / API server started at http://localhost:4000
 {"metadata":{"emulator":{"name":"ui"},"message":"Web / API server started at http://localhost:4000\n"}}
[info] i  functions: Watching "/Users/wongprom/CodingAndStuff/MyProjects/react/amazon-clone/functions" for Cloud Functions... {"metadata":{"emulator":{"name":"functions"},"message":"Watching \"/Users/wongprom/CodingAndStuff/MyProjects/react/amazon-clone/functions\" for Cloud Functions..."}}
[debug] [2020-11-29T20:59:16.084Z] [worker-pool] addWorker(~diagnostic~) {"metadata":{"emulator":{"name":"functions"},"message":"[worker-pool] addWorker(~diagnostic~)"}}
[debug] [2020-11-29T20:59:16.084Z] [worker-pool] Adding worker with key ~diagnostic~, total=1 {"metadata":{"emulator":{"name":"functions"},"message":"[worker-pool] Adding worker with key ~diagnostic~, total=1"}}
[debug] [2020-11-29T20:59:16.084Z] [worker-pool] submitWork(triggerId=) {"metadata":{"emulator":{"name":"functions"},"message":"[worker-pool] submitWork(triggerId=)"}}
[debug] [2020-11-29T20:59:16.084Z] [worker-~diagnostic~-26ec86f8-f182-4bb8-94b0-b4089c0b0c98]: Assigning socketPath: /var/folders/jf/88pgr3wn1458gcxs55sm5ssm0000gn/T/fire_emu_5404.sock {"metadata":{"emulator":{"name":"functions"},"message":"[worker-~diagnostic~-26ec86f8-f182-4bb8-94b0-b4089c0b0c98]: Assigning socketPath: /var/folders/jf/88pgr3wn1458gcxs55sm5ssm0000gn/T/fire_emu_5404.sock"}}
[debug] [2020-11-29T20:59:16.085Z] [worker-~diagnostic~-26ec86f8-f182-4bb8-94b0-b4089c0b0c98]: BUSY {"metadata":{"emulator":{"name":"functions"},"message":"[worker-~diagnostic~-26ec86f8-f182-4bb8-94b0-b4089c0b0c98]: BUSY"}}
[debug] [2020-11-29T20:59:16.369Z] [runtime-status] [5404] Functions runtime initialized. {"cwd":"/Users/wongprom/CodingAndStuff/MyProjects/react/amazon-clone/functions","node_version":"14.15.1"} {"metadata":{"emulator":{"name":"functions"},"message":"[runtime-status] [5404] Functions runtime initialized. {\"cwd\":\"/Users/wongprom/CodingAndStuff/MyProjects/react/amazon-clone/functions\",\"node_version\":\"14.15.1\"}"}}
[debug] [2020-11-29T20:59:16.371Z] [runtime-status] [5404] Disabled runtime features: undefined {"metadata":{"emulator":{"name":"functions"},"message":"[runtime-status] [5404] Disabled runtime features: undefined"}}
[debug] [2020-11-29T20:59:16.375Z] [runtime-status] [5404] Resolved module firebase-admin {"declared":true,"installed":true,"version":"9.4.1","resolution":"/Users/wongprom/CodingAndStuff/MyProjects/react/amazon-clone/functions/node_modules/firebase-admin/lib/index.js"} {"metadata":{"emulator":{"name":"functions"},"message":"[runtime-status] [5404] Resolved module firebase-admin {\"declared\":true,\"installed\":true,\"version\":\"9.4.1\",\"resolution\":\"/Users/wongprom/CodingAndStuff/MyProjects/react/amazon-clone/functions/node_modules/firebase-admin/lib/index.js\"}"}}
[debug] [2020-11-29T20:59:16.381Z] [runtime-status] [5404] Resolved module firebase-functions {"declared":true,"installed":true,"version":"3.11.0","resolution":"/Users/wongprom/CodingAndStuff/MyProjects/react/amazon-clone/functions/node_modules/firebase-functions/lib/index.js"} {"metadata":{"emulator":{"name":"functions"},"message":"[runtime-status] [5404] Resolved module firebase-functions {\"declared\":true,\"installed\":true,\"version\":\"3.11.0\",\"resolution\":\"/Users/wongprom/CodingAndStuff/MyProjects/react/amazon-clone/functions/node_modules/firebase-functions/lib/index.js\"}"}}
[debug] [2020-11-29T20:59:16.382Z] [runtime-status] [5404] Resolved module firebase-functions {"declared":true,"installed":true,"version":"3.11.0","resolution":"/Users/wongprom/CodingAndStuff/MyProjects/react/amazon-clone/functions/node_modules/firebase-functions/lib/index.js"} {"metadata":{"emulator":{"name":"functions"},"message":"[runtime-status] [5404] Resolved module firebase-functions {\"declared\":true,\"installed\":true,\"version\":\"3.11.0\",\"resolution\":\"/Users/wongprom/CodingAndStuff/MyProjects/react/amazon-clone/functions/node_modules/firebase-functions/lib/index.js\"}"}}
[debug] [2020-11-29T20:59:16.384Z] [runtime-status] [5404] Outgoing network have been stubbed. [{"name":"http","status":"mocked"},{"name":"http","status":"mocked"},{"name":"https","status":"mocked"},{"name":"https","status":"mocked"},{"name":"net","status":"mocked"}] {"metadata":{"emulator":{"name":"functions"},"message":"[runtime-status] [5404] Outgoing network have been stubbed. [{\"name\":\"http\",\"status\":\"mocked\"},{\"name\":\"http\",\"status\":\"mocked\"},{\"name\":\"https\",\"status\":\"mocked\"},{\"name\":\"https\",\"status\":\"mocked\"},{\"name\":\"net\",\"status\":\"mocked\"}]"}}
[debug] [2020-11-29T20:59:16.384Z] [runtime-status] [5404] Resolved module firebase-functions {"declared":true,"installed":true,"version":"3.11.0","resolution":"/Users/wongprom/CodingAndStuff/MyProjects/react/amazon-clone/functions/node_modules/firebase-functions/lib/index.js"} {"metadata":{"emulator":{"name":"functions"},"message":"[runtime-status] [5404] Resolved module firebase-functions {\"declared\":true,\"installed\":true,\"version\":\"3.11.0\",\"resolution\":\"/Users/wongprom/CodingAndStuff/MyProjects/react/amazon-clone/functions/node_modules/firebase-functions/lib/index.js\"}"}}
[debug] [2020-11-29T20:59:16.441Z] [runtime-status] [5404] Checked functions.config() {"config":{}} {"metadata":{"emulator":{"name":"functions"},"message":"[runtime-status] [5404] Checked functions.config() {\"config\":{}}"}}
[debug] [2020-11-29T20:59:16.441Z] [runtime-status] [5404] firebase-functions has been stubbed. {"functionsResolution":{"declared":true,"installed":true,"version":"3.11.0","resolution":"/Users/wongprom/CodingAndStuff/MyProjects/react/amazon-clone/functions/node_modules/firebase-functions/lib/index.js"}} {"metadata":{"emulator":{"name":"functions"},"message":"[runtime-status] [5404] firebase-functions has been stubbed. {\"functionsResolution\":{\"declared\":true,\"installed\":true,\"version\":\"3.11.0\",\"resolution\":\"/Users/wongprom/CodingAndStuff/MyProjects/react/amazon-clone/functions/node_modules/firebase-functions/lib/index.js\"}}"}}
[debug] [2020-11-29T20:59:16.442Z] [runtime-status] [5404] Resolved module firebase-functions {"declared":true,"installed":true,"version":"3.11.0","resolution":"/Users/wongprom/CodingAndStuff/MyProjects/react/amazon-clone/functions/node_modules/firebase-functions/lib/index.js"} {"metadata":{"emulator":{"name":"functions"},"message":"[runtime-status] [5404] Resolved module firebase-functions {\"declared\":true,\"installed\":true,\"version\":\"3.11.0\",\"resolution\":\"/Users/wongprom/CodingAndStuff/MyProjects/react/amazon-clone/functions/node_modules/firebase-functions/lib/index.js\"}"}}
[debug] [2020-11-29T20:59:16.443Z] [runtime-status] [5404] Resolved module firebase-admin {"declared":true,"installed":true,"version":"9.4.1","resolution":"/Users/wongprom/CodingAndStuff/MyProjects/react/amazon-clone/functions/node_modules/firebase-admin/lib/index.js"} {"metadata":{"emulator":{"name":"functions"},"message":"[runtime-status] [5404] Resolved module firebase-admin {\"declared\":true,\"installed\":true,\"version\":\"9.4.1\",\"resolution\":\"/Users/wongprom/CodingAndStuff/MyProjects/react/amazon-clone/functions/node_modules/firebase-admin/lib/index.js\"}"}}
[debug] [2020-11-29T20:59:16.444Z] [runtime-status] [5404] Resolved module firebase-functions {"declared":true,"installed":true,"version":"3.11.0","resolution":"/Users/wongprom/CodingAndStuff/MyProjects/react/amazon-clone/functions/node_modules/firebase-functions/lib/index.js"} {"metadata":{"emulator":{"name":"functions"},"message":"[runtime-status] [5404] Resolved module firebase-functions {\"declared\":true,\"installed\":true,\"version\":\"3.11.0\",\"resolution\":\"/Users/wongprom/CodingAndStuff/MyProjects/react/amazon-clone/functions/node_modules/firebase-functions/lib/index.js\"}"}}
[debug] [2020-11-29T20:59:16.444Z] [runtime-status] [5404] firebase-admin has been stubbed. {"adminResolution":{"declared":true,"installed":true,"version":"9.4.1","resolution":"/Users/wongprom/CodingAndStuff/MyProjects/react/amazon-clone/functions/node_modules/firebase-admin/lib/index.js"}} {"metadata":{"emulator":{"name":"functions"},"message":"[runtime-status] [5404] firebase-admin has been stubbed. {\"adminResolution\":{\"declared\":true,\"installed\":true,\"version\":\"9.4.1\",\"resolution\":\"/Users/wongprom/CodingAndStuff/MyProjects/react/amazon-clone/functions/node_modules/firebase-admin/lib/index.js\"}}"}}
[info] ✔  functions[api]: http function initialized (http://localhost:5001/clone-f609f/us-central1/api). {"metadata":{"emulator":{"name":"functions"},"message":"\u001b[1mhttp\u001b[22m function initialized (http://localhost:5001/clone-f609f/us-central1/api)."}}
[info] 
┌────────────────────────────────────────────────────────────────┐
│ ✔  All emulators ready! View status and logs at localhost:4000 │
└────────────────────────────────────────────────────────────────┘

┌───────────┬────────────────┬──────────────────────────┐
│ Emulator  │ Host:Port      │ View in Emulator UI      │
├───────────┼────────────────┼──────────────────────────┤
│ Functions │ localhost:5001 │ localhost:4000/functions │
├───────────┼────────────────┼──────────────────────────┤
│ Hosting   │ localhost:5000 │ n/a                      │
└───────────┴────────────────┴──────────────────────────┘
  Other reserved ports: 4400, 4500

Issues? Report them at https://github.com/firebase/firebase-tools/issues and attach the *-debug.log files.
 
[debug] [2020-11-29T20:59:16.713Z] [worker-~diagnostic~-26ec86f8-f182-4bb8-94b0-b4089c0b0c98]: IDLE {"metadata":{"emulator":{"name":"functions"},"message":"[worker-~diagnostic~-26ec86f8-f182-4bb8-94b0-b4089c0b0c98]: IDLE"}}
[debug] [2020-11-29T21:01:08.735Z] [work-queue] {"queueLength":1,"workRunningCount":0}
[debug] [2020-11-29T21:01:08.736Z] [work-queue] {"queueLength":0,"workRunningCount":1}
[debug] [2020-11-29T21:01:08.736Z] Accepted request POST /clone-f609f/us-central1/api/payments/create?total=135731 --> api
[debug] [2020-11-29T21:01:08.742Z] [worker-pool] addWorker(api) {"metadata":{"emulator":{"name":"functions"},"message":"[worker-pool] addWorker(api)"}}
[debug] [2020-11-29T21:01:08.743Z] [worker-pool] Adding worker with key api, total=1 {"metadata":{"emulator":{"name":"functions"},"message":"[worker-pool] Adding worker with key api, total=1"}}
[debug] [2020-11-29T21:01:08.743Z] [worker-pool] submitWork(triggerId=api) {"metadata":{"emulator":{"name":"functions"},"message":"[worker-pool] submitWork(triggerId=api)"}}
[debug] [2020-11-29T21:01:08.743Z] [worker-api-b580a95f-7fd2-4b40-91ee-7385b5e34af1]: Assigning socketPath: /var/folders/jf/88pgr3wn1458gcxs55sm5ssm0000gn/T/fire_emu_5422.sock {"metadata":{"emulator":{"name":"functions"},"message":"[worker-api-b580a95f-7fd2-4b40-91ee-7385b5e34af1]: Assigning socketPath: /var/folders/jf/88pgr3wn1458gcxs55sm5ssm0000gn/T/fire_emu_5422.sock"}}
[debug] [2020-11-29T21:01:08.743Z] [worker-api-b580a95f-7fd2-4b40-91ee-7385b5e34af1]: BUSY {"metadata":{"emulator":{"name":"functions"},"message":"[worker-api-b580a95f-7fd2-4b40-91ee-7385b5e34af1]: BUSY"}}
[debug] [2020-11-29T21:01:09.338Z] [runtime-status] [5422] Functions runtime initialized. {"cwd":"/Users/wongprom/CodingAndStuff/MyProjects/react/amazon-clone/functions","node_version":"14.15.1"} {"metadata":{"emulator":{"name":"functions"},"function":{"name":"api"},"message":"[runtime-status] [5422] Functions runtime initialized. {\"cwd\":\"/Users/wongprom/CodingAndStuff/MyProjects/react/amazon-clone/functions\",\"node_version\":\"14.15.1\"}"}}
[debug] [2020-11-29T21:01:09.342Z] [runtime-status] [5422] Disabled runtime features: undefined {"metadata":{"emulator":{"name":"functions"},"function":{"name":"api"},"message":"[runtime-status] [5422] Disabled runtime features: undefined"}}
[debug] [2020-11-29T21:01:09.346Z] [runtime-status] [5422] Resolved module firebase-admin {"declared":true,"installed":true,"version":"9.4.1","resolution":"/Users/wongprom/CodingAndStuff/MyProjects/react/amazon-clone/functions/node_modules/firebase-admin/lib/index.js"} {"metadata":{"emulator":{"name":"functions"},"function":{"name":"api"},"message":"[runtime-status] [5422] Resolved module firebase-admin {\"declared\":true,\"installed\":true,\"version\":\"9.4.1\",\"resolution\":\"/Users/wongprom/CodingAndStuff/MyProjects/react/amazon-clone/functions/node_modules/firebase-admin/lib/index.js\"}"}}
[debug] [2020-11-29T21:01:09.348Z] [runtime-status] [5422] Resolved module firebase-functions {"declared":true,"installed":true,"version":"3.11.0","resolution":"/Users/wongprom/CodingAndStuff/MyProjects/react/amazon-clone/functions/node_modules/firebase-functions/lib/index.js"} {"metadata":{"emulator":{"name":"functions"},"function":{"name":"api"},"message":"[runtime-status] [5422] Resolved module firebase-functions {\"declared\":true,\"installed\":true,\"version\":\"3.11.0\",\"resolution\":\"/Users/wongprom/CodingAndStuff/MyProjects/react/amazon-clone/functions/node_modules/firebase-functions/lib/index.js\"}"}}
[debug] [2020-11-29T21:01:09.350Z] [runtime-status] [5422] Resolved module firebase-functions {"declared":true,"installed":true,"version":"3.11.0","resolution":"/Users/wongprom/CodingAndStuff/MyProjects/react/amazon-clone/functions/node_modules/firebase-functions/lib/index.js"} {"metadata":{"emulator":{"name":"functions"},"function":{"name":"api"},"message":"[runtime-status] [5422] Resolved module firebase-functions {\"declared\":true,\"installed\":true,\"version\":\"3.11.0\",\"resolution\":\"/Users/wongprom/CodingAndStuff/MyProjects/react/amazon-clone/functions/node_modules/firebase-functions/lib/index.js\"}"}}
[debug] [2020-11-29T21:01:09.356Z] [runtime-status] [5422] Outgoing network have been stubbed. [{"name":"http","status":"mocked"},{"name":"http","status":"mocked"},{"name":"https","status":"mocked"},{"name":"https","status":"mocked"},{"name":"net","status":"mocked"}] {"metadata":{"emulator":{"name":"functions"},"function":{"name":"api"},"message":"[runtime-status] [5422] Outgoing network have been stubbed. [{\"name\":\"http\",\"status\":\"mocked\"},{\"name\":\"http\",\"status\":\"mocked\"},{\"name\":\"https\",\"status\":\"mocked\"},{\"name\":\"https\",\"status\":\"mocked\"},{\"name\":\"net\",\"status\":\"mocked\"}]"}}
[debug] [2020-11-29T21:01:09.357Z] [runtime-status] [5422] Resolved module firebase-functions {"declared":true,"installed":true,"version":"3.11.0","resolution":"/Users/wongprom/CodingAndStuff/MyProjects/react/amazon-clone/functions/node_modules/firebase-functions/lib/index.js"} {"metadata":{"emulator":{"name":"functions"},"function":{"name":"api"},"message":"[runtime-status] [5422] Resolved module firebase-functions {\"declared\":true,\"installed\":true,\"version\":\"3.11.0\",\"resolution\":\"/Users/wongprom/CodingAndStuff/MyProjects/react/amazon-clone/functions/node_modules/firebase-functions/lib/index.js\"}"}}
[debug] [2020-11-29T21:01:09.433Z] [runtime-status] [5422] Checked functions.config() {"config":{}} {"metadata":{"emulator":{"name":"functions"},"function":{"name":"api"},"message":"[runtime-status] [5422] Checked functions.config() {\"config\":{}}"}}
[debug] [2020-11-29T21:01:09.434Z] [runtime-status] [5422] firebase-functions has been stubbed. {"functionsResolution":{"declared":true,"installed":true,"version":"3.11.0","resolution":"/Users/wongprom/CodingAndStuff/MyProjects/react/amazon-clone/functions/node_modules/firebase-functions/lib/index.js"}} {"metadata":{"emulator":{"name":"functions"},"function":{"name":"api"},"message":"[runtime-status] [5422] firebase-functions has been stubbed. {\"functionsResolution\":{\"declared\":true,\"installed\":true,\"version\":\"3.11.0\",\"resolution\":\"/Users/wongprom/CodingAndStuff/MyProjects/react/amazon-clone/functions/node_modules/firebase-functions/lib/index.js\"}}"}}
[debug] [2020-11-29T21:01:09.438Z] [runtime-status] [5422] Resolved module firebase-functions {"declared":true,"installed":true,"version":"3.11.0","resolution":"/Users/wongprom/CodingAndStuff/MyProjects/react/amazon-clone/functions/node_modules/firebase-functions/lib/index.js"} {"metadata":{"emulator":{"name":"functions"},"function":{"name":"api"},"message":"[runtime-status] [5422] Resolved module firebase-functions {\"declared\":true,\"installed\":true,\"version\":\"3.11.0\",\"resolution\":\"/Users/wongprom/CodingAndStuff/MyProjects/react/amazon-clone/functions/node_modules/firebase-functions/lib/index.js\"}"}}
[debug] [2020-11-29T21:01:09.439Z] [runtime-status] [5422] Resolved module firebase-admin {"declared":true,"installed":true,"version":"9.4.1","resolution":"/Users/wongprom/CodingAndStuff/MyProjects/react/amazon-clone/functions/node_modules/firebase-admin/lib/index.js"} {"metadata":{"emulator":{"name":"functions"},"function":{"name":"api"},"message":"[runtime-status] [5422] Resolved module firebase-admin {\"declared\":true,\"installed\":true,\"version\":\"9.4.1\",\"resolution\":\"/Users/wongprom/CodingAndStuff/MyProjects/react/amazon-clone/functions/node_modules/firebase-admin/lib/index.js\"}"}}
[debug] [2020-11-29T21:01:09.440Z] [runtime-status] [5422] Resolved module firebase-functions {"declared":true,"installed":true,"version":"3.11.0","resolution":"/Users/wongprom/CodingAndStuff/MyProjects/react/amazon-clone/functions/node_modules/firebase-functions/lib/index.js"} {"metadata":{"emulator":{"name":"functions"},"function":{"name":"api"},"message":"[runtime-status] [5422] Resolved module firebase-functions {\"declared\":true,\"installed\":true,\"version\":\"3.11.0\",\"resolution\":\"/Users/wongprom/CodingAndStuff/MyProjects/react/amazon-clone/functions/node_modules/firebase-functions/lib/index.js\"}"}}
[debug] [2020-11-29T21:01:09.440Z] [runtime-status] [5422] firebase-admin has been stubbed. {"adminResolution":{"declared":true,"installed":true,"version":"9.4.1","resolution":"/Users/wongprom/CodingAndStuff/MyProjects/react/amazon-clone/functions/node_modules/firebase-admin/lib/index.js"}} {"metadata":{"emulator":{"name":"functions"},"function":{"name":"api"},"message":"[runtime-status] [5422] firebase-admin has been stubbed. {\"adminResolution\":{\"declared\":true,\"installed\":true,\"version\":\"9.4.1\",\"resolution\":\"/Users/wongprom/CodingAndStuff/MyProjects/react/amazon-clone/functions/node_modules/firebase-admin/lib/index.js\"}}"}}
[debug] [2020-11-29T21:01:09.760Z] [runtime-status] [5422] Trigger "api" has been found, beginning invocation! {"metadata":{"emulator":{"name":"functions"},"function":{"name":"api"},"message":"[runtime-status] [5422] Trigger \"api\" has been found, beginning invocation!"}}
[info] i  functions: Beginning execution of "api" {"metadata":{"emulator":{"name":"functions"},"function":{"name":"api"},"message":"Beginning execution of \"api\""}}
[debug] [2020-11-29T21:01:09.766Z] [runtime-status] [5422] triggerDefinition {"httpsTrigger":{},"name":"api","entryPoint":"api"} {"metadata":{"emulator":{"name":"functions"},"function":{"name":"api"},"message":"[runtime-status] [5422] triggerDefinition {\"httpsTrigger\":{},\"name\":\"api\",\"entryPoint\":\"api\"}"}}
[debug] [2020-11-29T21:01:09.780Z] [runtime-status] [5422] Running api in mode HTTPS {"metadata":{"emulator":{"name":"functions"},"function":{"name":"api"},"message":"[runtime-status] [5422] Running api in mode HTTPS"}}
[debug] [2020-11-29T21:01:09.787Z] [runtime-status] [5422] Attempting to listen to socketPath: /var/folders/jf/88pgr3wn1458gcxs55sm5ssm0000gn/T/fire_emu_5422.sock {"metadata":{"emulator":{"name":"functions"},"function":{"name":"api"},"message":"[runtime-status] [5422] Attempting to listen to socketPath: /var/folders/jf/88pgr3wn1458gcxs55sm5ssm0000gn/T/fire_emu_5422.sock"}}
[debug] [2020-11-29T21:01:09.792Z] [functions] Runtime ready! Sending request! {"metadata":{"emulator":{"name":"functions"},"message":"[functions] Runtime ready! Sending request!"}}
[debug] [2020-11-29T21:01:09.832Z] [runtime-status] [5422] Ephemeral server handling POST request {"metadata":{"emulator":{"name":"functions"},"function":{"name":"api"},"message":"[runtime-status] [5422] Ephemeral server handling POST request"}}
[info] >  Payment request recieved BOMMMM!!! for this amount ===>>> 135731 {"user":"Payment request recieved BOMMMM!!! for this amount ===>>> 135731","metadata":{"emulator":{"name":"functions"},"function":{"name":"api"},"message":"\u001b[90m> \u001b[39m Payment request recieved BOMMMM!!! for this amount ===>>> 135731"}}
[debug] [2020-11-29T21:01:09.857Z] [runtime-status] [5422] Ephemeral server survived. {"metadata":{"emulator":{"name":"functions"},"function":{"name":"api"},"message":"[runtime-status] [5422] Ephemeral server survived."}}
[info] i  functions: Finished "api" in ~1s {"metadata":{"emulator":{"name":"functions"},"function":{"name":"api"},"message":"Finished \"api\" in ~1s"}}
[debug] [2020-11-29T21:01:10.560Z] [worker-api-b580a95f-7fd2-4b40-91ee-7385b5e34af1]: IDLE {"metadata":{"emulator":{"name":"functions"},"message":"[worker-api-b580a95f-7fd2-4b40-91ee-7385b5e34af1]: IDLE"}}
[debug] [2020-11-29T21:01:10.560Z] [work-queue] {"queueLength":0,"workRunningCount":0}
[debug] [2020-11-29T21:01:50.214Z] [work-queue] {"queueLength":1,"workRunningCount":0}
[debug] [2020-11-29T21:01:50.214Z] [work-queue] {"queueLength":0,"workRunningCount":1}
[debug] [2020-11-29T21:01:50.214Z] Accepted request POST /clone-f609f/us-central1/api/payments/create?total=133398 --> api
[debug] [2020-11-29T21:01:50.214Z] [worker-pool] submitWork(triggerId=api) {"metadata":{"emulator":{"name":"functions"},"message":"[worker-pool] submitWork(triggerId=api)"}}
[debug] [2020-11-29T21:01:50.214Z] [worker-api-b580a95f-7fd2-4b40-91ee-7385b5e34af1]: Assigning socketPath: /var/folders/jf/88pgr3wn1458gcxs55sm5ssm0000gn/T/fire_emu_5422.sock {"metadata":{"emulator":{"name":"functions"},"message":"[worker-api-b580a95f-7fd2-4b40-91ee-7385b5e34af1]: Assigning socketPath: /var/folders/jf/88pgr3wn1458gcxs55sm5ssm0000gn/T/fire_emu_5422.sock"}}
[debug] [2020-11-29T21:01:50.214Z] [worker-api-b580a95f-7fd2-4b40-91ee-7385b5e34af1]: BUSY {"metadata":{"emulator":{"name":"functions"},"message":"[worker-api-b580a95f-7fd2-4b40-91ee-7385b5e34af1]: BUSY"}}
[debug] [2020-11-29T21:01:50.216Z] [runtime-status] [5422] Trigger "api" has been found, beginning invocation! {"metadata":{"emulator":{"name":"functions"},"function":{"name":"api"},"message":"[runtime-status] [5422] Trigger \"api\" has been found, beginning invocation!"}}
[info] i  functions: Beginning execution of "api" {"metadata":{"emulator":{"name":"functions"},"function":{"name":"api"},"message":"Beginning execution of \"api\""}}
[debug] [2020-11-29T21:01:50.216Z] [runtime-status] [5422] triggerDefinition {"httpsTrigger":{},"name":"api","entryPoint":"api"} {"metadata":{"emulator":{"name":"functions"},"function":{"name":"api"},"message":"[runtime-status] [5422] triggerDefinition {\"httpsTrigger\":{},\"name\":\"api\",\"entryPoint\":\"api\"}"}}
[debug] [2020-11-29T21:01:50.216Z] [runtime-status] [5422] Running api in mode HTTPS {"metadata":{"emulator":{"name":"functions"},"function":{"name":"api"},"message":"[runtime-status] [5422] Running api in mode HTTPS"}}
[debug] [2020-11-29T21:01:50.217Z] [runtime-status] [5422] Attempting to listen to socketPath: /var/folders/jf/88pgr3wn1458gcxs55sm5ssm0000gn/T/fire_emu_5422.sock {"metadata":{"emulator":{"name":"functions"},"function":{"name":"api"},"message":"[runtime-status] [5422] Attempting to listen to socketPath: /var/folders/jf/88pgr3wn1458gcxs55sm5ssm0000gn/T/fire_emu_5422.sock"}}
[debug] [2020-11-29T21:01:50.217Z] [functions] Runtime ready! Sending request! {"metadata":{"emulator":{"name":"functions"},"message":"[functions] Runtime ready! Sending request!"}}
[debug] [2020-11-29T21:01:50.225Z] [runtime-status] [5422] Ephemeral server handling POST request {"metadata":{"emulator":{"name":"functions"},"function":{"name":"api"},"message":"[runtime-status] [5422] Ephemeral server handling POST request"}}
[debug] [2020-11-29T21:01:50.226Z] [runtime-status] [5422] Ephemeral server survived. {"metadata":{"emulator":{"name":"functions"},"function":{"name":"api"},"message":"[runtime-status] [5422] Ephemeral server survived."}}
[info] >  Payment request recieved BOMMMM!!! for this amount ===>>> 133398 {"user":"Payment request recieved BOMMMM!!! for this amount ===>>> 133398","metadata":{"emulator":{"name":"functions"},"function":{"name":"api"},"message":"\u001b[90m> \u001b[39m Payment request recieved BOMMMM!!! for this amount ===>>> 133398"}}
[info] i  functions: Finished "api" in ~1s {"metadata":{"emulator":{"name":"functions"},"function":{"name":"api"},"message":"Finished \"api\" in ~1s"}}
[debug] [2020-11-29T21:01:50.516Z] [worker-api-b580a95f-7fd2-4b40-91ee-7385b5e34af1]: IDLE {"metadata":{"emulator":{"name":"functions"},"message":"[worker-api-b580a95f-7fd2-4b40-91ee-7385b5e34af1]: IDLE"}}
[debug] [2020-11-29T21:01:50.516Z] [work-queue] {"queueLength":0,"workRunningCount":0}
